0 silly argv {
0 silly argv   _: [ 'run' ],
0 silly argv   lernaVersion: '8.0.0',
0 silly argv   '$0': '/Users/rafael.bergamini/Projects/react/ds.e/node_modules/.bin/lerna',
0 silly argv   script: 'build'
0 silly argv }
1 notice cli v8.0.0
2 verbose packageConfigs Explicit "packages" configuration found in lerna.json. Resolving packages using the configured glob(s): ["packages/*"]
3 verbose rootPath /Users/rafael.bergamini/Projects/react/ds.e
4 error Error: Unable to create nodes for packages/scss/package.json using plugin nx-core-build-package-json-nodes.
4 error
4 error 	 Inner Error: Error: PropertyNameExpected in /Users/rafael.bergamini/Projects/react/ds.e/packages/scss/package.json at 7:52
4 error [0m [90m  5 | [39m  "license": "MIT",[0m
4 error [0m [90m  6 | [39m  "repository": "https://github.com/RaDangelo/ds.e.git",[0m
4 error [0m[31m[1m>[22m[39m[90m  7 | [39m  "author": "Rafael D'Angelo <rberga95@gmail.com>",,[0m
4 error [0m [90m    | [39m                                                   [31m[1m^[22m[39m[0m
4 error [0m [90m  8 | [39m  "dependencies": {[0m
4 error [0m [90m  9 | [39m    "normalize-scss": "^7.0.1"[0m
4 error [0m [90m 10 | [39m  },[0m
4 error
4 error     at parseJson (/Users/rafael.bergamini/Projects/react/ds.e/node_modules/nx/src/utils/json.js:25:15)
4 error     at readJsonFile (/Users/rafael.bergamini/Projects/react/ds.e/node_modules/nx/src/utils/fileutils.js:22:37)
4 error     at createNodeFromPackageJson (/Users/rafael.bergamini/Projects/react/ds.e/node_modules/nx/plugins/package-json-workspaces.js:26:47)
4 error     at createNodes (/Users/rafael.bergamini/Projects/react/ds.e/node_modules/nx/plugins/package-json-workspaces.js:20:20)
4 error     at buildProjectsConfigurationsFromProjectPathsAndPlugins (/Users/rafael.bergamini/Projects/react/ds.e/node_modules/nx/src/project-graph/utils/project-configuration-utils.js:125:29)
4 error     at createProjectConfigurations (/Users/rafael.bergamini/Projects/react/ds.e/node_modules/nx/src/project-graph/utils/retrieve-workspace-files.js:89:156)
4 error     at _retrieveProjectConfigurations (/Users/rafael.bergamini/Projects/react/ds.e/node_modules/nx/src/project-graph/utils/retrieve-workspace-files.js:61:12)
4 error     at retrieveProjectConfigurations (/Users/rafael.bergamini/Projects/react/ds.e/node_modules/nx/src/project-graph/utils/retrieve-workspace-files.js:46:12)
4 error     at async buildProjectGraphAndSourceMapsWithoutDaemon (/Users/rafael.bergamini/Projects/react/ds.e/node_modules/nx/src/project-graph/project-graph.js:71:69)
4 error     at async createProjectGraphAndSourceMapsAsync (/Users/rafael.bergamini/Projects/react/ds.e/node_modules/nx/src/project-graph/project-graph.js:136:25)
4 error     at buildProjectsConfigurationsFromProjectPathsAndPlugins (/Users/rafael.bergamini/Projects/react/ds.e/node_modules/nx/src/project-graph/utils/project-configuration-utils.js:152:27)
4 error     at createProjectConfigurations (/Users/rafael.bergamini/Projects/react/ds.e/node_modules/nx/src/project-graph/utils/retrieve-workspace-files.js:89:156)
4 error     at _retrieveProjectConfigurations (/Users/rafael.bergamini/Projects/react/ds.e/node_modules/nx/src/project-graph/utils/retrieve-workspace-files.js:61:12)
4 error     at retrieveProjectConfigurations (/Users/rafael.bergamini/Projects/react/ds.e/node_modules/nx/src/project-graph/utils/retrieve-workspace-files.js:46:12)
4 error     at async buildProjectGraphAndSourceMapsWithoutDaemon (/Users/rafael.bergamini/Projects/react/ds.e/node_modules/nx/src/project-graph/project-graph.js:71:69)
4 error     at async createProjectGraphAndSourceMapsAsync (/Users/rafael.bergamini/Projects/react/ds.e/node_modules/nx/src/project-graph/project-graph.js:136:25)
4 error     at async createProjectGraphAsync (/Users/rafael.bergamini/Projects/react/ds.e/node_modules/nx/src/project-graph/project-graph.js:125:39)
4 error     at async detectProjects (/Users/rafael.bergamini/Projects/react/ds.e/node_modules/lerna/dist/index.js:1553:25)
